{"level":"info","time":"2024-07-11T02:38:07+07:00","caller":"/usr/local/go/src/runtime/proc.go:271","message":"starting new http server"}
{"level":"info","time":"2024-07-11T02:38:36+07:00","caller":"/usr/local/go/src/runtime/proc.go:271","message":"app - Run - signal: interrupt"}
{"level":"info","time":"2024-07-11T02:38:37+07:00","caller":"/usr/local/go/src/runtime/proc.go:271","message":"starting new http server"}
{"level":"info","time":"2024-07-11T02:39:23+07:00","caller":"/usr/local/go/src/runtime/proc.go:271","message":"app - Run - signal: interrupt"}
{"level":"info","time":"2024-07-11T02:45:39+07:00","caller":"/usr/local/go/src/runtime/proc.go:271","message":"starting new http server"}
{"level":"info","time":"2024-07-11T02:48:11+07:00","caller":"/usr/local/go/src/runtime/proc.go:271","message":"app - Run - signal: interrupt"}
{"level":"info","time":"2024-07-11T02:48:12+07:00","caller":"/usr/local/go/src/runtime/proc.go:271","message":"starting new http server"}
{"level":"info","time":"2024-07-11T02:48:45+07:00","caller":"/usr/local/go/src/runtime/proc.go:271","message":"app - Run - signal: interrupt"}
{"level":"info","time":"2024-07-11T02:48:46+07:00","caller":"/usr/local/go/src/runtime/proc.go:271","message":"starting new http server"}
{"level":"info","time":"2024-07-11T02:49:26+07:00","caller":"/usr/local/go/src/runtime/proc.go:271","message":"app - Run - signal: interrupt"}
{"level":"info","time":"2024-07-11T02:49:27+07:00","caller":"/usr/local/go/src/runtime/proc.go:271","message":"starting new http server"}
{"level":"info","time":"2024-07-11T02:49:36+07:00","caller":"/usr/local/go/src/runtime/proc.go:271","message":"app - Run - signal: interrupt"}
{"level":"info","time":"2024-07-11T02:49:37+07:00","caller":"/usr/local/go/src/runtime/proc.go:271","message":"starting new http server"}
{"level":"info","time":"2024-07-11T02:49:49+07:00","caller":"/usr/local/go/src/runtime/proc.go:271","message":"app - Run - signal: interrupt"}
{"level":"info","time":"2024-07-11T02:49:50+07:00","caller":"/usr/local/go/src/runtime/proc.go:271","message":"starting new http server"}
{"level":"info","time":"2024-07-11T02:50:03+07:00","caller":"/usr/local/go/src/runtime/proc.go:271","message":"app - Run - signal: interrupt"}
{"level":"info","time":"2024-07-11T02:50:04+07:00","caller":"/usr/local/go/src/runtime/proc.go:271","message":"starting new http server"}
{"level":"info","time":"2024-07-13T00:17:59+07:00","caller":"/Users/ivansizov/go/pkg/mod/golang.org/toolchain@v0.0.1-go1.22.5.darwin-arm64/src/runtime/proc.go:271","message":"starting new http server"}
{"level":"info","time":"2024-07-13T00:18:15+07:00","caller":"/Users/ivansizov/go/pkg/mod/golang.org/toolchain@v0.0.1-go1.22.5.darwin-arm64/src/runtime/proc.go:271","message":"app - Run - signal: interrupt"}
{"level":"info","time":"2024-07-13T00:18:27+07:00","caller":"/Users/ivansizov/GolandProjects/music-rate-service/main.go:24","message":"Unable to connect to database: postgres - New - connAttempts == 0: failed to connect to `host=localhost user=adminnnn database=test`: server error (FATAL: role \"adminnnn\" does not exist (SQLSTATE 28000))\n"}
{"level":"info","time":"2024-07-13T00:18:27+07:00","caller":"/Users/ivansizov/go/pkg/mod/golang.org/toolchain@v0.0.1-go1.22.5.darwin-arm64/src/runtime/proc.go:271","message":"starting new http server"}
{"level":"info","time":"2024-07-13T00:19:21+07:00","caller":"/Users/ivansizov/go/pkg/mod/golang.org/toolchain@v0.0.1-go1.22.5.darwin-arm64/src/runtime/proc.go:271","message":"app - Run - signal: interrupt"}
{"level":"info","time":"2024-07-13T00:19:38+07:00","caller":"/Users/ivansizov/GolandProjects/music-rate-service/main.go:24","message":"Unable to connect to database: postgres - New - connAttempts == 0: failed to connect to `host=localhost user=adminnnn database=test`: server error (FATAL: role \"adminnnn\" does not exist (SQLSTATE 28000))\n"}
{"level":"info","time":"2024-07-13T00:21:11+07:00","caller":"/Users/ivansizov/GolandProjects/music-rate-service/main.go:24","message":"Unable to connect to database: postgres - New - connAttempts == 0: failed to connect to `host=localhost user=adminnnn database=test`: server error (FATAL: role \"adminnnn\" does not exist (SQLSTATE 28000))\n"}
{"level":"info","time":"2024-07-13T00:24:19+07:00","caller":"/Users/ivansizov/go/pkg/mod/golang.org/toolchain@v0.0.1-go1.22.5.darwin-arm64/src/runtime/proc.go:271","message":"starting new http server"}
{"level":"info","time":"2024-07-13T00:25:10+07:00","caller":"/Users/ivansizov/go/pkg/mod/golang.org/toolchain@v0.0.1-go1.22.5.darwin-arm64/src/runtime/proc.go:271","message":"app - Run - signal: interrupt"}
